<?xml version="1.0" encoding="UTF-8"?>
<!-- Generated by org.testng.reporters.JUnitXMLReporter -->
<testsuite ignored="0" hostname="Mandeep" failures="0" tests="4" name="Default test" time="7.196" errors="0" timestamp="2023-11-08T01:31:48 GMT-05:00">
  <testcase classname="api.test.UserTestsProp" name="testCreateUser" time="3.924"/>
  <testcase classname="api.test.UserTestsProp" name="testGetUserData" time="0.232"/>
  <testcase classname="api.test.UserTestsProp" name="testUpdateUser" time="0.43"/>
  <testcase classname="api.test.UserTestsProp" name="testDeleteUser" time="0.202"/>
</testsuite> <!-- Default test -->
