<?xml version="1.0" encoding="UTF-8"?>
<!-- Generated by org.testng.reporters.JUnitXMLReporter -->
<testsuite ignored="0" hostname="Mandeep" failures="0" tests="10" name="Test" time="11.819" errors="0" timestamp="2023-11-08T15:17:27 GMT-05:00">
  <testcase classname="api.test.UserTests" name="testPostUser" time="4.19"/>
  <testcase classname="api.test.UserTests" name="testGetUserByName" time="0.259"/>
  <testcase classname="api.test.UserTests" name="testUpdateUserByName" time="0.44"/>
  <testcase classname="api.test.UserTests" name="testDeleteUserByName" time="0.21"/>
  <testcase classname="api.test.UserTestDD" name="testCreateUser" time="0.278"/>
  <testcase classname="api.test.UserTestDD" name="testCreateUser" time="0.256"/>
  <testcase classname="api.test.UserTestDD" name="testGetUserData" time="0.284"/>
  <testcase classname="api.test.UserTestDD" name="testGetUserData" time="0.234"/>
  <testcase classname="api.test.UserTestDD" name="testDeleteUser" time="0.244"/>
  <testcase classname="api.test.UserTestDD" name="testDeleteUser" time="0.195"/>
</testsuite> <!-- Test -->
