<?xml version="1.0" encoding="UTF-8"?>
<!-- Generated by org.testng.reporters.JUnitXMLReporter -->
<testsuite ignored="0" hostname="Mandeep" failures="0" tests="10" name="Test" time="10.096" errors="0" timestamp="2023-11-08T15:21:05 GMT-05:00">
  <testcase classname="api.test.UserTests" name="testPostUser" time="3.858"/>
  <testcase classname="api.test.UserTests" name="testGetUserByName" time="0.274"/>
  <testcase classname="api.test.UserTests" name="testUpdateUserByName" time="0.422"/>
  <testcase classname="api.test.UserTests" name="testDeleteUserByName" time="0.222"/>
  <testcase classname="api.test.UserTestDD" name="testCreateUser" time="0.241"/>
  <testcase classname="api.test.UserTestDD" name="testCreateUser" time="0.225"/>
  <testcase classname="api.test.UserTestDD" name="testGetUserData" time="0.242"/>
  <testcase classname="api.test.UserTestDD" name="testGetUserData" time="0.193"/>
  <testcase classname="api.test.UserTestDD" name="testDeleteUser" time="0.211"/>
  <testcase classname="api.test.UserTestDD" name="testDeleteUser" time="0.197"/>
</testsuite> <!-- Test -->
