<?xml version="1.0" encoding="UTF-8"?>
<testng-results ignored="0" total="10" passed="10" failed="0" skipped="0">
  <reporter-output>
  </reporter-output>
  <suite started-at="2023-11-08T15:20:54 GMT-05:00" name="Suite" finished-at="2023-11-08T15:21:04 GMT-05:00" duration-ms="10096">
    <groups>
    </groups>
    <test started-at="2023-11-08T15:20:54 GMT-05:00" name="Test" finished-at="2023-11-08T15:21:04 GMT-05:00" duration-ms="10096">
      <class name="api.test.UserTestDD">
        <test-method signature="testCreateUser(java.lang.String,java.lang.String,java.lang.String,java.lang.String,java.lang.String,java.lang.String,java.lang.String)[pri:1, instance:api.test.UserTestDD@1ea9f6af]" started-at="2023-11-08T15:21:03 GMT-05:00" name="testCreateUser" data-provider="AllData" finished-at="2023-11-08T15:21:03 GMT-05:00" duration-ms="241" status="PASS">
          <params>
            <param index="0">
              <value>
                <![CDATA[1010]]>
              </value>
            </param>
            <param index="1">
              <value>
                <![CDATA[testuser1]]>
              </value>
            </param>
            <param index="2">
              <value>
                <![CDATA[Amandeep]]>
              </value>
            </param>
            <param index="3">
              <value>
                <![CDATA[Kaur]]>
              </value>
            </param>
            <param index="4">
              <value>
                <![CDATA[amanheer14@ymail.com]]>
              </value>
            </param>
            <param index="5">
              <value>
                <![CDATA[T465fjbk@]]>
              </value>
            </param>
            <param index="6">
              <value>
                <![CDATA[4167658765]]>
              </value>
            </param>
          </params>
          <reporter-output>
          </reporter-output>
        </test-method> <!-- testCreateUser -->
        <test-method signature="testCreateUser(java.lang.String,java.lang.String,java.lang.String,java.lang.String,java.lang.String,java.lang.String,java.lang.String)[pri:1, instance:api.test.UserTestDD@1ea9f6af]" started-at="2023-11-08T15:21:03 GMT-05:00" name="testCreateUser" data-provider="AllData" finished-at="2023-11-08T15:21:03 GMT-05:00" duration-ms="225" status="PASS">
          <params>
            <param index="0">
              <value>
                <![CDATA[1021]]>
              </value>
            </param>
            <param index="1">
              <value>
                <![CDATA[testuser2]]>
              </value>
            </param>
            <param index="2">
              <value>
                <![CDATA[Komal]]>
              </value>
            </param>
            <param index="3">
              <value>
                <![CDATA[Grewal]]>
              </value>
            </param>
            <param index="4">
              <value>
                <![CDATA[komal12@gmail.com]]>
              </value>
            </param>
            <param index="5">
              <value>
                <![CDATA[Abht$6cyh]]>
              </value>
            </param>
            <param index="6">
              <value>
                <![CDATA[6477654321]]>
              </value>
            </param>
          </params>
          <reporter-output>
          </reporter-output>
        </test-method> <!-- testCreateUser -->
        <test-method signature="testGetUserData(java.lang.String)[pri:2, instance:api.test.UserTestDD@1ea9f6af]" started-at="2023-11-08T15:21:03 GMT-05:00" name="testGetUserData" data-provider="UserNamesData" finished-at="2023-11-08T15:21:04 GMT-05:00" duration-ms="242" status="PASS">
          <params>
            <param index="0">
              <value>
                <![CDATA[testuser1]]>
              </value>
            </param>
          </params>
          <reporter-output>
          </reporter-output>
        </test-method> <!-- testGetUserData -->
        <test-method signature="testGetUserData(java.lang.String)[pri:2, instance:api.test.UserTestDD@1ea9f6af]" started-at="2023-11-08T15:21:04 GMT-05:00" name="testGetUserData" data-provider="UserNamesData" finished-at="2023-11-08T15:21:04 GMT-05:00" duration-ms="193" status="PASS">
          <params>
            <param index="0">
              <value>
                <![CDATA[testuser2]]>
              </value>
            </param>
          </params>
          <reporter-output>
          </reporter-output>
        </test-method> <!-- testGetUserData -->
        <test-method signature="testDeleteUser(java.lang.String)[pri:3, instance:api.test.UserTestDD@1ea9f6af]" started-at="2023-11-08T15:21:04 GMT-05:00" name="testDeleteUser" data-provider="UserNamesData" finished-at="2023-11-08T15:21:04 GMT-05:00" duration-ms="211" status="PASS">
          <params>
            <param index="0">
              <value>
                <![CDATA[testuser1]]>
              </value>
            </param>
          </params>
          <reporter-output>
          </reporter-output>
        </test-method> <!-- testDeleteUser -->
        <test-method signature="testDeleteUser(java.lang.String)[pri:3, instance:api.test.UserTestDD@1ea9f6af]" started-at="2023-11-08T15:21:04 GMT-05:00" name="testDeleteUser" data-provider="UserNamesData" finished-at="2023-11-08T15:21:04 GMT-05:00" duration-ms="197" status="PASS">
          <params>
            <param index="0">
              <value>
                <![CDATA[testuser2]]>
              </value>
            </param>
          </params>
          <reporter-output>
          </reporter-output>
        </test-method> <!-- testDeleteUser -->
      </class> <!-- api.test.UserTestDD -->
      <class name="api.test.UserTests">
        <test-method is-config="true" signature="setupData()[pri:0, instance:api.test.UserTests@7722c3c3]" started-at="2023-11-08T15:20:55 GMT-05:00" name="setupData" finished-at="2023-11-08T15:20:56 GMT-05:00" duration-ms="1307" status="PASS">
          <reporter-output>
          </reporter-output>
        </test-method> <!-- setupData -->
        <test-method signature="testPostUser()[pri:1, instance:api.test.UserTests@7722c3c3]" started-at="2023-11-08T15:20:56 GMT-05:00" name="testPostUser" finished-at="2023-11-08T15:21:00 GMT-05:00" duration-ms="3858" status="PASS">
          <reporter-output>
          </reporter-output>
        </test-method> <!-- testPostUser -->
        <test-method signature="testGetUserByName()[pri:2, instance:api.test.UserTests@7722c3c3]" started-at="2023-11-08T15:21:00 GMT-05:00" name="testGetUserByName" finished-at="2023-11-08T15:21:00 GMT-05:00" duration-ms="274" status="PASS">
          <reporter-output>
          </reporter-output>
        </test-method> <!-- testGetUserByName -->
        <test-method signature="testUpdateUserByName()[pri:3, instance:api.test.UserTests@7722c3c3]" started-at="2023-11-08T15:21:00 GMT-05:00" name="testUpdateUserByName" finished-at="2023-11-08T15:21:00 GMT-05:00" duration-ms="422" status="PASS">
          <reporter-output>
          </reporter-output>
        </test-method> <!-- testUpdateUserByName -->
        <test-method signature="testDeleteUserByName()[pri:4, instance:api.test.UserTests@7722c3c3]" started-at="2023-11-08T15:21:00 GMT-05:00" name="testDeleteUserByName" finished-at="2023-11-08T15:21:01 GMT-05:00" duration-ms="222" status="PASS">
          <reporter-output>
          </reporter-output>
        </test-method> <!-- testDeleteUserByName -->
      </class> <!-- api.test.UserTests -->
    </test> <!-- Test -->
  </suite> <!-- Suite -->
</testng-results>
